Analysis & Synthesis report for EECS3216-Project
Tue Mar 29 13:40:43 2022
Quartus Prime Version 20.1.1 Build 720 11/11/2020 Patches 1.02i SJ Lite Edition


---------------------
; Table of Contents ;
---------------------
  1. Legal Notice
  2. Analysis & Synthesis Summary
  3. Analysis & Synthesis Settings
  4. Parallel Compilation
  5. Analysis & Synthesis Source Files Read
  6. Analysis & Synthesis Resource Usage Summary
  7. Analysis & Synthesis Resource Utilization by Entity
  8. Registers Removed During Synthesis
  9. Removed Registers Triggering Further Register Optimizations
 10. General Register Statistics
 11. Parameter Settings for User Entity Instance: ClockDivider:MHz25
 12. Parameter Settings for User Entity Instance: ClockDivider:halfSec
 13. Parameter Settings for User Entity Instance: drawLines:DL
 14. Post-Synthesis Netlist Statistics for Top Partition
 15. Elapsed Time Per Partition
 16. Analysis & Synthesis Messages



----------------
; Legal Notice ;
----------------
Copyright (C) 2020  Intel Corporation. All rights reserved.
Your use of Intel Corporation's design tools, logic functions 
and other software and tools, and any partner logic 
functions, and any output files from any of the foregoing 
(including device programming or simulation files), and any 
associated documentation or information are expressly subject 
to the terms and conditions of the Intel Program License 
Subscription Agreement, the Intel Quartus Prime License Agreement,
the Intel FPGA IP License Agreement, or other applicable license
agreement, including, without limitation, that your use is for
the sole purpose of programming logic devices manufactured by
Intel and sold by Intel or its authorized distributors.  Please
refer to the applicable agreement for further details, at
https://fpgasoftware.intel.com/eula.



+------------------------------------------------------------------------------------------------+
; Analysis & Synthesis Summary                                                                   ;
+------------------------------------+-----------------------------------------------------------+
; Analysis & Synthesis Status        ; Successful - Tue Mar 29 13:40:43 2022                     ;
; Quartus Prime Version              ; 20.1.1 Build 720 11/11/2020 Patches 1.02i SJ Lite Edition ;
; Revision Name                      ; EECS3216-Project                                          ;
; Top-level Entity Name              ; top                                                       ;
; Family                             ; MAX 10                                                    ;
; Total logic elements               ; 74                                                        ;
;     Total combinational functions  ; 68                                                        ;
;     Dedicated logic registers      ; 42                                                        ;
; Total registers                    ; 42                                                        ;
; Total pins                         ; 19                                                        ;
; Total virtual pins                 ; 0                                                         ;
; Total memory bits                  ; 0                                                         ;
; Embedded Multiplier 9-bit elements ; 0                                                         ;
; Total PLLs                         ; 0                                                         ;
; UFM blocks                         ; 0                                                         ;
; ADC blocks                         ; 0                                                         ;
+------------------------------------+-----------------------------------------------------------+


+------------------------------------------------------------------------------------------------------------+
; Analysis & Synthesis Settings                                                                              ;
+------------------------------------------------------------------+--------------------+--------------------+
; Option                                                           ; Setting            ; Default Value      ;
+------------------------------------------------------------------+--------------------+--------------------+
; Device                                                           ; 10M50DAF484C6GES   ;                    ;
; Top-level entity name                                            ; top                ; EECS3216-Project   ;
; Family name                                                      ; MAX 10             ; Cyclone V          ;
; Use smart compilation                                            ; Off                ; Off                ;
; Enable parallel Assembler and Timing Analyzer during compilation ; On                 ; On                 ;
; Enable compact report table                                      ; Off                ; Off                ;
; Restructure Multiplexers                                         ; Auto               ; Auto               ;
; Create Debugging Nodes for IP Cores                              ; Off                ; Off                ;
; Preserve fewer node names                                        ; On                 ; On                 ;
; Intel FPGA IP Evaluation Mode                                    ; Enable             ; Enable             ;
; Verilog Version                                                  ; Verilog_2001       ; Verilog_2001       ;
; VHDL Version                                                     ; VHDL_1993          ; VHDL_1993          ;
; State Machine Processing                                         ; Auto               ; Auto               ;
; Safe State Machine                                               ; Off                ; Off                ;
; Extract Verilog State Machines                                   ; On                 ; On                 ;
; Extract VHDL State Machines                                      ; On                 ; On                 ;
; Ignore Verilog initial constructs                                ; Off                ; Off                ;
; Iteration limit for constant Verilog loops                       ; 5000               ; 5000               ;
; Iteration limit for non-constant Verilog loops                   ; 250                ; 250                ;
; Add Pass-Through Logic to Inferred RAMs                          ; On                 ; On                 ;
; Infer RAMs from Raw Logic                                        ; On                 ; On                 ;
; Parallel Synthesis                                               ; On                 ; On                 ;
; DSP Block Balancing                                              ; Auto               ; Auto               ;
; NOT Gate Push-Back                                               ; On                 ; On                 ;
; Power-Up Don't Care                                              ; On                 ; On                 ;
; Remove Redundant Logic Cells                                     ; Off                ; Off                ;
; Remove Duplicate Registers                                       ; On                 ; On                 ;
; Ignore CARRY Buffers                                             ; Off                ; Off                ;
; Ignore CASCADE Buffers                                           ; Off                ; Off                ;
; Ignore GLOBAL Buffers                                            ; Off                ; Off                ;
; Ignore ROW GLOBAL Buffers                                        ; Off                ; Off                ;
; Ignore LCELL Buffers                                             ; Off                ; Off                ;
; Ignore SOFT Buffers                                              ; On                 ; On                 ;
; Limit AHDL Integers to 32 Bits                                   ; Off                ; Off                ;
; Optimization Technique                                           ; Balanced           ; Balanced           ;
; Carry Chain Length                                               ; 70                 ; 70                 ;
; Auto Carry Chains                                                ; On                 ; On                 ;
; Auto Open-Drain Pins                                             ; On                 ; On                 ;
; Perform WYSIWYG Primitive Resynthesis                            ; Off                ; Off                ;
; Auto ROM Replacement                                             ; On                 ; On                 ;
; Auto RAM Replacement                                             ; On                 ; On                 ;
; Auto DSP Block Replacement                                       ; On                 ; On                 ;
; Auto Shift Register Replacement                                  ; Auto               ; Auto               ;
; Allow Shift Register Merging across Hierarchies                  ; Auto               ; Auto               ;
; Auto Clock Enable Replacement                                    ; On                 ; On                 ;
; Strict RAM Replacement                                           ; Off                ; Off                ;
; Allow Synchronous Control Signals                                ; On                 ; On                 ;
; Force Use of Synchronous Clear Signals                           ; Off                ; Off                ;
; Auto RAM Block Balancing                                         ; On                 ; On                 ;
; Auto RAM to Logic Cell Conversion                                ; Off                ; Off                ;
; Auto Resource Sharing                                            ; Off                ; Off                ;
; Allow Any RAM Size For Recognition                               ; Off                ; Off                ;
; Allow Any ROM Size For Recognition                               ; Off                ; Off                ;
; Allow Any Shift Register Size For Recognition                    ; Off                ; Off                ;
; Use LogicLock Constraints during Resource Balancing              ; On                 ; On                 ;
; Ignore translate_off and synthesis_off directives                ; Off                ; Off                ;
; Timing-Driven Synthesis                                          ; On                 ; On                 ;
; Report Parameter Settings                                        ; On                 ; On                 ;
; Report Source Assignments                                        ; On                 ; On                 ;
; Report Connectivity Checks                                       ; On                 ; On                 ;
; Ignore Maximum Fan-Out Assignments                               ; Off                ; Off                ;
; Synchronization Register Chain Length                            ; 2                  ; 2                  ;
; Power Optimization During Synthesis                              ; Normal compilation ; Normal compilation ;
; HDL message level                                                ; Level2             ; Level2             ;
; Suppress Register Optimization Related Messages                  ; Off                ; Off                ;
; Number of Removed Registers Reported in Synthesis Report         ; 5000               ; 5000               ;
; Number of Swept Nodes Reported in Synthesis Report               ; 5000               ; 5000               ;
; Number of Inverted Registers Reported in Synthesis Report        ; 100                ; 100                ;
; Clock MUX Protection                                             ; On                 ; On                 ;
; Auto Gated Clock Conversion                                      ; Off                ; Off                ;
; Block Design Naming                                              ; Auto               ; Auto               ;
; SDC constraint protection                                        ; Off                ; Off                ;
; Synthesis Effort                                                 ; Auto               ; Auto               ;
; Shift Register Replacement - Allow Asynchronous Clear Signal     ; On                 ; On                 ;
; Pre-Mapping Resynthesis Optimization                             ; Off                ; Off                ;
; Analysis & Synthesis Message Level                               ; Medium             ; Medium             ;
; Disable Register Merging Across Hierarchies                      ; Auto               ; Auto               ;
; Resource Aware Inference For Block RAM                           ; On                 ; On                 ;
+------------------------------------------------------------------+--------------------+--------------------+


+------------------------------------------+
; Parallel Compilation                     ;
+----------------------------+-------------+
; Processors                 ; Number      ;
+----------------------------+-------------+
; Number detected on machine ; 12          ;
; Maximum allowed            ; 12          ;
;                            ;             ;
; Average used               ; 1.00        ;
; Maximum used               ; 12          ;
;                            ;             ;
; Usage by Processor         ; % Time Used ;
;     Processor 1            ; 100.0%      ;
;     Processors 2-12        ;   0.0%      ;
+----------------------------+-------------+


+----------------------------------------------------------------------------------------------------------------------------------------------------------------------------------------------------+
; Analysis & Synthesis Source Files Read                                                                                                                                                             ;
+----------------------------------+-----------------+------------------------------+------------------------------------------------------------------------------------------------------+---------+
; File Name with User-Entered Path ; Used in Netlist ; File Type                    ; File Name with Absolute Path                                                                         ; Library ;
+----------------------------------+-----------------+------------------------------+------------------------------------------------------------------------------------------------------+---------+
; ClockDivider.sv                  ; yes             ; User SystemVerilog HDL File  ; D:/Winter 2022/EECS3216 Z - Digital Systems Engineering/Project/EECS-3216-Project/ClockDivider.sv    ;         ;
; verticalClock.sv                 ; yes             ; User SystemVerilog HDL File  ; D:/Winter 2022/EECS3216 Z - Digital Systems Engineering/Project/EECS-3216-Project/verticalClock.sv   ;         ;
; horizontalClock.sv               ; yes             ; User SystemVerilog HDL File  ; D:/Winter 2022/EECS3216 Z - Digital Systems Engineering/Project/EECS-3216-Project/horizontalClock.sv ;         ;
; top.sv                           ; yes             ; User SystemVerilog HDL File  ; D:/Winter 2022/EECS3216 Z - Digital Systems Engineering/Project/EECS-3216-Project/top.sv             ;         ;
; drawLines.sv                     ; yes             ; User SystemVerilog HDL File  ; D:/Winter 2022/EECS3216 Z - Digital Systems Engineering/Project/EECS-3216-Project/drawLines.sv       ;         ;
+----------------------------------+-----------------+------------------------------+------------------------------------------------------------------------------------------------------+---------+


+-----------------------------------------------------------------------+
; Analysis & Synthesis Resource Usage Summary                           ;
+---------------------------------------------+-------------------------+
; Resource                                    ; Usage                   ;
+---------------------------------------------+-------------------------+
; Estimated Total logic elements              ; 74                      ;
;                                             ;                         ;
; Total combinational functions               ; 68                      ;
; Logic element usage by number of LUT inputs ;                         ;
;     -- 4 input functions                    ; 22                      ;
;     -- 3 input functions                    ; 9                       ;
;     -- <=2 input functions                  ; 37                      ;
;                                             ;                         ;
; Logic elements by mode                      ;                         ;
;     -- normal mode                          ; 38                      ;
;     -- arithmetic mode                      ; 30                      ;
;                                             ;                         ;
; Total registers                             ; 42                      ;
;     -- Dedicated logic registers            ; 42                      ;
;     -- I/O registers                        ; 0                       ;
;                                             ;                         ;
; I/O pins                                    ; 19                      ;
;                                             ;                         ;
; Embedded Multiplier 9-bit elements          ; 0                       ;
;                                             ;                         ;
; Maximum fan-out node                        ; ClockDivider:MHz25|cout ;
; Maximum fan-out                             ; 42                      ;
; Total fan-out                               ; 347                     ;
; Average fan-out                             ; 2.34                    ;
+---------------------------------------------+-------------------------+


+-----------------------------------------------------------------------------------------------------------------------------------------------------------------------------------------------------------------------------------------------------+
; Analysis & Synthesis Resource Utilization by Entity                                                                                                                                                                                                 ;
+-------------------------------+---------------------+---------------------------+-------------+------------+--------------+---------+-----------+------+--------------+------------+-------------------------------+-----------------+--------------+
; Compilation Hierarchy Node    ; Combinational ALUTs ; Dedicated Logic Registers ; Memory Bits ; UFM Blocks ; DSP Elements ; DSP 9x9 ; DSP 18x18 ; Pins ; Virtual Pins ; ADC blocks ; Full Hierarchy Name           ; Entity Name     ; Library Name ;
+-------------------------------+---------------------+---------------------------+-------------+------------+--------------+---------+-----------+------+--------------+------------+-------------------------------+-----------------+--------------+
; |top                          ; 68 (17)             ; 42 (0)                    ; 0           ; 0          ; 0            ; 0       ; 0         ; 19   ; 0            ; 0          ; |top                          ; top             ; work         ;
;    |ClockDivider:MHz25|       ; 1 (1)               ; 1 (1)                     ; 0           ; 0          ; 0            ; 0       ; 0         ; 0    ; 0            ; 0          ; |top|ClockDivider:MHz25       ; ClockDivider    ; work         ;
;    |drawLines:DL|             ; 11 (11)             ; 8 (8)                     ; 0           ; 0          ; 0            ; 0       ; 0         ; 0    ; 0            ; 0          ; |top|drawLines:DL             ; drawLines       ; work         ;
;    |horizontalClock:VGAHoriz| ; 20 (20)             ; 17 (17)                   ; 0           ; 0          ; 0            ; 0       ; 0         ; 0    ; 0            ; 0          ; |top|horizontalClock:VGAHoriz ; horizontalClock ; work         ;
;    |verticalClock:VGAVert|    ; 19 (19)             ; 16 (16)                   ; 0           ; 0          ; 0            ; 0       ; 0         ; 0    ; 0            ; 0          ; |top|verticalClock:VGAVert    ; verticalClock   ; work         ;
+-------------------------------+---------------------+---------------------------+-------------+------------+--------------+---------+-----------+------+--------------+------------+-------------------------------+-----------------+--------------+
Note: For table entries with two numbers listed, the numbers in parentheses indicate the number of resources of the given type used by the specific entity alone. The numbers listed outside of parentheses indicate the total resources of the given type used by the specific entity and all of its sub-entities in the hierarchy.


+----------------------------------------------------------------------------------+
; Registers Removed During Synthesis                                               ;
+-----------------------------------------+----------------------------------------+
; Register name                           ; Reason for Removal                     ;
+-----------------------------------------+----------------------------------------+
; drawLines:DL|area[0][12]                ; Stuck at GND due to stuck port data_in ;
; drawLines:DL|area[1][12]                ; Stuck at GND due to stuck port data_in ;
; drawLines:DL|area[2][12]                ; Stuck at GND due to stuck port data_in ;
; drawLines:DL|area[3][12]                ; Stuck at GND due to stuck port data_in ;
; drawLines:DL|area[4][12]                ; Stuck at GND due to stuck port data_in ;
; drawLines:DL|area[5][12]                ; Stuck at GND due to stuck port data_in ;
; drawLines:DL|area[6][12]                ; Stuck at GND due to stuck port data_in ;
; drawLines:DL|area[7][12]                ; Stuck at GND due to stuck port data_in ;
; drawLines:DL|area[8][12]                ; Stuck at GND due to stuck port data_in ;
; drawLines:DL|area[9][12]                ; Stuck at GND due to stuck port data_in ;
; drawLines:DL|area[10][12]               ; Stuck at GND due to stuck port data_in ;
; drawLines:DL|area[11][12]               ; Stuck at GND due to stuck port data_in ;
; drawLines:DL|area[12][12]               ; Stuck at GND due to stuck port data_in ;
; drawLines:DL|area[13][12]               ; Stuck at GND due to stuck port data_in ;
; drawLines:DL|area[14][12]               ; Stuck at GND due to stuck port data_in ;
; drawLines:DL|area[15][12]               ; Stuck at GND due to stuck port data_in ;
; drawLines:DL|area[16][12]               ; Stuck at GND due to stuck port data_in ;
; drawLines:DL|area[17][12]               ; Stuck at GND due to stuck port data_in ;
; drawLines:DL|area[18][12]               ; Stuck at GND due to stuck port data_in ;
; drawLines:DL|area[19][12]               ; Stuck at GND due to stuck port data_in ;
; drawLines:DL|area[20][12]               ; Stuck at GND due to stuck port data_in ;
; drawLines:DL|area[21][12]               ; Stuck at GND due to stuck port data_in ;
; drawLines:DL|area[22][12]               ; Stuck at GND due to stuck port data_in ;
; drawLines:DL|area[23][12]               ; Stuck at GND due to stuck port data_in ;
; drawLines:DL|area[24][12]               ; Stuck at GND due to stuck port data_in ;
; drawLines:DL|area[25][12]               ; Stuck at GND due to stuck port data_in ;
; drawLines:DL|area[26][12]               ; Stuck at GND due to stuck port data_in ;
; drawLines:DL|area[27][12]               ; Stuck at GND due to stuck port data_in ;
; drawLines:DL|area[28][12]               ; Stuck at GND due to stuck port data_in ;
; drawLines:DL|area[29][12]               ; Stuck at GND due to stuck port data_in ;
; drawLines:DL|area[30][12]               ; Stuck at GND due to stuck port data_in ;
; drawLines:DL|area[31][12]               ; Stuck at GND due to stuck port data_in ;
; drawLines:DL|area[32][12]               ; Stuck at GND due to stuck port data_in ;
; drawLines:DL|area[33][12]               ; Stuck at GND due to stuck port data_in ;
; drawLines:DL|area[34][12]               ; Stuck at GND due to stuck port data_in ;
; drawLines:DL|area[35][12]               ; Stuck at GND due to stuck port data_in ;
; drawLines:DL|area[36][12]               ; Stuck at GND due to stuck port data_in ;
; drawLines:DL|area[37][12]               ; Stuck at GND due to stuck port data_in ;
; drawLines:DL|area[38][12]               ; Stuck at GND due to stuck port data_in ;
; drawLines:DL|area[39][12]               ; Stuck at GND due to stuck port data_in ;
; drawLines:DL|area[40][12]               ; Stuck at GND due to stuck port data_in ;
; drawLines:DL|area[41][12]               ; Stuck at GND due to stuck port data_in ;
; drawLines:DL|area[42][12]               ; Stuck at GND due to stuck port data_in ;
; drawLines:DL|area[43][12]               ; Stuck at GND due to stuck port data_in ;
; drawLines:DL|area[44][12]               ; Stuck at GND due to stuck port data_in ;
; drawLines:DL|area[45][12]               ; Stuck at GND due to stuck port data_in ;
; drawLines:DL|area[46][12]               ; Stuck at GND due to stuck port data_in ;
; drawLines:DL|area[47][12]               ; Stuck at GND due to stuck port data_in ;
; drawLines:DL|area[48][12]               ; Stuck at GND due to stuck port data_in ;
; drawLines:DL|area[49][12]               ; Stuck at GND due to stuck port data_in ;
; drawLines:DL|RGB[0..3]                  ; Stuck at GND due to stuck port data_in ;
; ClockDivider:halfSec|cout               ; Lost fanout                            ;
; ClockDivider:halfSec|count[0..31]       ; Lost fanout                            ;
; ClockDivider:MHz25|count[0..31]         ; Stuck at GND due to stuck port data_in ;
; Total Number of Removed Registers = 119 ;                                        ;
+-----------------------------------------+----------------------------------------+


+-----------------------------------------------------------------------------------------------------------------------------------------+
; Removed Registers Triggering Further Register Optimizations                                                                             ;
+--------------------------+---------------------------+----------------------------------------------------------------------------------+
; Register name            ; Reason for Removal        ; Registers Removed due to This Register                                           ;
+--------------------------+---------------------------+----------------------------------------------------------------------------------+
; drawLines:DL|area[0][12] ; Stuck at GND              ; drawLines:DL|area[1][12], drawLines:DL|area[2][12], drawLines:DL|area[3][12],    ;
;                          ; due to stuck port data_in ; drawLines:DL|area[4][12], drawLines:DL|area[5][12], drawLines:DL|area[6][12],    ;
;                          ;                           ; drawLines:DL|area[7][12], drawLines:DL|area[8][12], drawLines:DL|area[9][12],    ;
;                          ;                           ; drawLines:DL|area[10][12], drawLines:DL|area[11][12], drawLines:DL|area[12][12], ;
;                          ;                           ; drawLines:DL|area[13][12], drawLines:DL|area[14][12], drawLines:DL|area[15][12], ;
;                          ;                           ; drawLines:DL|area[16][12], drawLines:DL|area[17][12], drawLines:DL|area[18][12], ;
;                          ;                           ; drawLines:DL|area[19][12], drawLines:DL|area[20][12], drawLines:DL|area[21][12], ;
;                          ;                           ; drawLines:DL|area[22][12], drawLines:DL|area[23][12], drawLines:DL|area[24][12], ;
;                          ;                           ; drawLines:DL|area[25][12], drawLines:DL|area[26][12], drawLines:DL|area[27][12], ;
;                          ;                           ; drawLines:DL|area[28][12], drawLines:DL|area[29][12], drawLines:DL|area[30][12], ;
;                          ;                           ; drawLines:DL|area[31][12], drawLines:DL|area[32][12], drawLines:DL|area[33][12], ;
;                          ;                           ; drawLines:DL|area[34][12], drawLines:DL|area[35][12], drawLines:DL|area[36][12], ;
;                          ;                           ; drawLines:DL|area[37][12], drawLines:DL|area[38][12], drawLines:DL|area[39][12], ;
;                          ;                           ; drawLines:DL|area[40][12], drawLines:DL|area[41][12], drawLines:DL|area[42][12], ;
;                          ;                           ; drawLines:DL|area[43][12], drawLines:DL|area[44][12], drawLines:DL|area[45][12], ;
;                          ;                           ; drawLines:DL|area[46][12], drawLines:DL|area[47][12], drawLines:DL|area[48][12], ;
;                          ;                           ; drawLines:DL|area[49][12], drawLines:DL|RGB[0], drawLines:DL|RGB[3],             ;
;                          ;                           ; drawLines:DL|RGB[2], drawLines:DL|RGB[1], ClockDivider:halfSec|cout              ;
+--------------------------+---------------------------+----------------------------------------------------------------------------------+


+------------------------------------------------------+
; General Register Statistics                          ;
+----------------------------------------------+-------+
; Statistic                                    ; Value ;
+----------------------------------------------+-------+
; Total registers                              ; 42    ;
; Number of registers using Synchronous Clear  ; 32    ;
; Number of registers using Synchronous Load   ; 0     ;
; Number of registers using Asynchronous Clear ; 0     ;
; Number of registers using Asynchronous Load  ; 0     ;
; Number of registers using Clock Enable       ; 16    ;
; Number of registers using Preset             ; 0     ;
+----------------------------------------------+-------+


+---------------------------------------------------------------------+
; Parameter Settings for User Entity Instance: ClockDivider:MHz25     ;
+----------------+----------------------------------+-----------------+
; Parameter Name ; Value                            ; Type            ;
+----------------+----------------------------------+-----------------+
; D              ; 00000000000000000000000000000001 ; Unsigned Binary ;
+----------------+----------------------------------+-----------------+
Note: In order to hide this table in the UI and the text report file, please set the "Show Parameter Settings in Synthesis Report" option in "Analysis and Synthesis Settings -> More Settings" to "Off".


+---------------------------------------------------------------------+
; Parameter Settings for User Entity Instance: ClockDivider:halfSec   ;
+----------------+----------------------------------+-----------------+
; Parameter Name ; Value                            ; Type            ;
+----------------+----------------------------------+-----------------+
; D              ; 00000000101111101011110000100000 ; Unsigned Binary ;
+----------------+----------------------------------+-----------------+
Note: In order to hide this table in the UI and the text report file, please set the "Show Parameter Settings in Synthesis Report" option in "Analysis and Synthesis Settings -> More Settings" to "Off".


+-----------------------------------------------------------+
; Parameter Settings for User Entity Instance: drawLines:DL ;
+----------------+------------------+-----------------------+
; Parameter Name ; Value            ; Type                  ;
+----------------+------------------+-----------------------+
; vertMin        ; 0000000000100011 ; Unsigned Binary       ;
; vertMax        ; 0000001000000010 ; Unsigned Binary       ;
; horzMin        ; 0000000010001111 ; Unsigned Binary       ;
; horzMax        ; 0000001100001111 ; Unsigned Binary       ;
; rows           ; 0000000000001101 ; Unsigned Binary       ;
; columns        ; 0000000000110010 ; Unsigned Binary       ;
+----------------+------------------+-----------------------+
Note: In order to hide this table in the UI and the text report file, please set the "Show Parameter Settings in Synthesis Report" option in "Analysis and Synthesis Settings -> More Settings" to "Off".


+-----------------------------------------------------+
; Post-Synthesis Netlist Statistics for Top Partition ;
+-----------------------+-----------------------------+
; Type                  ; Count                       ;
+-----------------------+-----------------------------+
; boundary_port         ; 19                          ;
; cycloneiii_ff         ; 42                          ;
;     ENA SCLR          ; 16                          ;
;     SCLR              ; 16                          ;
;     plain             ; 10                          ;
; cycloneiii_lcell_comb ; 70                          ;
;     arith             ; 30                          ;
;         2 data inputs ; 30                          ;
;     normal            ; 40                          ;
;         0 data inputs ; 1                           ;
;         1 data inputs ; 4                           ;
;         2 data inputs ; 4                           ;
;         3 data inputs ; 9                           ;
;         4 data inputs ; 22                          ;
;                       ;                             ;
; Max LUT depth         ; 6.00                        ;
; Average LUT depth     ; 3.09                        ;
+-----------------------+-----------------------------+


+-------------------------------+
; Elapsed Time Per Partition    ;
+----------------+--------------+
; Partition Name ; Elapsed Time ;
+----------------+--------------+
; Top            ; 00:00:00     ;
+----------------+--------------+


+-------------------------------+
; Analysis & Synthesis Messages ;
+-------------------------------+
Info: *******************************************************************
Info: Running Quartus Prime Analysis & Synthesis
    Info: Version 20.1.1 Build 720 11/11/2020 Patches 1.02i SJ Lite Edition
    Info: Processing started: Tue Mar 29 13:40:36 2022
Info: Command: quartus_map --read_settings_files=on --write_settings_files=off EECS3216-Project -c EECS3216-Project
Warning (18236): Number of processors has not been specified which may cause overloading on shared machines.  Set the global assignment NUM_PARALLEL_PROCESSORS in your QSF to an appropriate value for best performance.
Info (20030): Parallel compilation is enabled and will use 12 of the 12 processors detected
Info (12021): Found 1 design units, including 1 entities, in source file clockdivider.sv
    Info (12023): Found entity 1: ClockDivider File: D:/Winter 2022/EECS3216 Z - Digital Systems Engineering/Project/EECS-3216-Project/ClockDivider.sv Line: 1
Info (12021): Found 1 design units, including 1 entities, in source file ip.sv
    Info (12023): Found entity 1: ip File: D:/Winter 2022/EECS3216 Z - Digital Systems Engineering/Project/EECS-3216-Project/ip.sv Line: 40
Info (12021): Found 1 design units, including 1 entities, in source file verticalclock.sv
    Info (12023): Found entity 1: verticalClock File: D:/Winter 2022/EECS3216 Z - Digital Systems Engineering/Project/EECS-3216-Project/verticalClock.sv Line: 3
Info (12021): Found 1 design units, including 1 entities, in source file horizontalclock.sv
    Info (12023): Found entity 1: horizontalClock File: D:/Winter 2022/EECS3216 Z - Digital Systems Engineering/Project/EECS-3216-Project/horizontalClock.sv Line: 3
Info (12021): Found 1 design units, including 1 entities, in source file top.sv
    Info (12023): Found entity 1: top File: D:/Winter 2022/EECS3216 Z - Digital Systems Engineering/Project/EECS-3216-Project/top.sv Line: 3
Info (12021): Found 1 design units, including 1 entities, in source file tb.sv
    Info (12023): Found entity 1: tb File: D:/Winter 2022/EECS3216 Z - Digital Systems Engineering/Project/EECS-3216-Project/tb.sv Line: 2
Info (12021): Found 1 design units, including 1 entities, in source file drawlines.sv
    Info (12023): Found entity 1: drawLines File: D:/Winter 2022/EECS3216 Z - Digital Systems Engineering/Project/EECS-3216-Project/drawLines.sv Line: 3
Info (12127): Elaborating entity "top" for the top level hierarchy
Warning (10230): Verilog HDL assignment warning at top.sv(23): truncated value with size 32 to match size of target (1) File: D:/Winter 2022/EECS3216 Z - Digital Systems Engineering/Project/EECS-3216-Project/top.sv Line: 23
Info (12128): Elaborating entity "ClockDivider" for hierarchy "ClockDivider:MHz25" File: D:/Winter 2022/EECS3216 Z - Digital Systems Engineering/Project/EECS-3216-Project/top.sv Line: 9
Info (12128): Elaborating entity "ClockDivider" for hierarchy "ClockDivider:halfSec" File: D:/Winter 2022/EECS3216 Z - Digital Systems Engineering/Project/EECS-3216-Project/top.sv Line: 11
Info (12128): Elaborating entity "horizontalClock" for hierarchy "horizontalClock:VGAHoriz" File: D:/Winter 2022/EECS3216 Z - Digital Systems Engineering/Project/EECS-3216-Project/top.sv Line: 13
Warning (10230): Verilog HDL assignment warning at horizontalClock.sv(8): truncated value with size 32 to match size of target (16) File: D:/Winter 2022/EECS3216 Z - Digital Systems Engineering/Project/EECS-3216-Project/horizontalClock.sv Line: 8
Info (12128): Elaborating entity "verticalClock" for hierarchy "verticalClock:VGAVert" File: D:/Winter 2022/EECS3216 Z - Digital Systems Engineering/Project/EECS-3216-Project/top.sv Line: 14
Warning (10230): Verilog HDL assignment warning at verticalClock.sv(10): truncated value with size 32 to match size of target (16) File: D:/Winter 2022/EECS3216 Z - Digital Systems Engineering/Project/EECS-3216-Project/verticalClock.sv Line: 10
Info (12128): Elaborating entity "drawLines" for hierarchy "drawLines:DL" File: D:/Winter 2022/EECS3216 Z - Digital Systems Engineering/Project/EECS-3216-Project/top.sv Line: 25
Warning (10036): Verilog HDL or VHDL warning at drawLines.sv(5): object "blue" assigned a value but never read File: D:/Winter 2022/EECS3216 Z - Digital Systems Engineering/Project/EECS-3216-Project/drawLines.sv Line: 5
Warning (10036): Verilog HDL or VHDL warning at drawLines.sv(5): object "green" assigned a value but never read File: D:/Winter 2022/EECS3216 Z - Digital Systems Engineering/Project/EECS-3216-Project/drawLines.sv Line: 5
Warning (10230): Verilog HDL assignment warning at drawLines.sv(24): truncated value with size 32 to match size of target (16) File: D:/Winter 2022/EECS3216 Z - Digital Systems Engineering/Project/EECS-3216-Project/drawLines.sv Line: 24
Warning (10230): Verilog HDL assignment warning at drawLines.sv(22): truncated value with size 32 to match size of target (16) File: D:/Winter 2022/EECS3216 Z - Digital Systems Engineering/Project/EECS-3216-Project/drawLines.sv Line: 22
Warning (13024): Output pins are stuck at VCC or GND
    Warning (13410): Pin "VGA_B[3]" is stuck at GND File: D:/Winter 2022/EECS3216 Z - Digital Systems Engineering/Project/EECS-3216-Project/top.sv Line: 3
    Warning (13410): Pin "VGA_B[2]" is stuck at GND File: D:/Winter 2022/EECS3216 Z - Digital Systems Engineering/Project/EECS-3216-Project/top.sv Line: 3
    Warning (13410): Pin "VGA_B[1]" is stuck at GND File: D:/Winter 2022/EECS3216 Z - Digital Systems Engineering/Project/EECS-3216-Project/top.sv Line: 3
    Warning (13410): Pin "VGA_B[0]" is stuck at GND File: D:/Winter 2022/EECS3216 Z - Digital Systems Engineering/Project/EECS-3216-Project/top.sv Line: 3
Info (286030): Timing-Driven Synthesis is running
Info (17049): 33 registers lost all their fanouts during netlist optimizations.
Info (16010): Generating hard_block partition "hard_block:auto_generated_inst"
    Info (16011): Adding 0 node(s), including 0 DDIO, 0 PLL, 0 transceiver and 0 LCELL
Warning (21074): Design contains 4 input pin(s) that do not drive logic
    Warning (15610): No output dependent on input pin "SW[3]" File: D:/Winter 2022/EECS3216 Z - Digital Systems Engineering/Project/EECS-3216-Project/top.sv Line: 3
    Warning (15610): No output dependent on input pin "SW[2]" File: D:/Winter 2022/EECS3216 Z - Digital Systems Engineering/Project/EECS-3216-Project/top.sv Line: 3
    Warning (15610): No output dependent on input pin "SW[1]" File: D:/Winter 2022/EECS3216 Z - Digital Systems Engineering/Project/EECS-3216-Project/top.sv Line: 3
    Warning (15610): No output dependent on input pin "SW[0]" File: D:/Winter 2022/EECS3216 Z - Digital Systems Engineering/Project/EECS-3216-Project/top.sv Line: 3
Info (21057): Implemented 96 device resources after synthesis - the final resource count might be different
    Info (21058): Implemented 5 input pins
    Info (21059): Implemented 14 output pins
    Info (21061): Implemented 77 logic cells
Info: Quartus Prime Analysis & Synthesis was successful. 0 errors, 18 warnings
    Info: Peak virtual memory: 4817 megabytes
    Info: Processing ended: Tue Mar 29 13:40:43 2022
    Info: Elapsed time: 00:00:07
    Info: Total CPU time (on all processors): 00:00:16


